# JRE version: OpenJDK Runtime Environment Temurin-17.0.13+11 (17.0.13+11) (build 17.0.13+11)
# Java VM: OpenJDK 64-Bit Server VM Temurin-17.0.13+11 (17.0.13+11, mixed mode, sharing, tiered, compressed oops, compressed class ptrs, g1 gc, windows-amd64)
GC Precious Log:
 CPUs: 8 total, 8 available
 Memory: 8112M
 Large Page Support: Disabled
 NUMA Support: Disabled
 Compressed Oops: Enabled (32-bit)
 Heap Region Size: 1M
 Heap Min Capacity: 8M
 Heap Initial Capacity: 128M
 Heap Max Capacity: 2030M
 Pre-touch: Disabled
 Parallel Workers: 8
 Concurrent Workers: 2
 Concurrent Refinement Workers: 8
 Periodic GC: Disabled
Heap:
 garbage-first heap   total 76800K, used 60803K [0x0000000081200000, 0x0000000100000000)
  region size 1024K, 28 young (28672K), 1 survivors (1024K)
 Metaspace       used 77576K, committed 78144K, reserved 1179648K
  class space    used 10642K, committed 10880K, reserved 1048576K
GC Heap History (20 events):
Event: 134.403 GC heap before
{Heap before GC invocations=54 (full 0):
 garbage-first heap   total 76800K, used 65867K [0x0000000081200000, 0x0000000100000000)
  region size 1024K, 32 young (32768K), 1 survivors (1024K)
 Metaspace       used 77513K, committed 78080K, reserved 1179648K
  class space    used 10640K, committed 10880K, reserved 1048576K
}
Event: 134.404 GC heap after
{Heap after GC invocations=55 (full 0):
 garbage-first heap   total 76800K, used 34151K [0x0000000081200000, 0x0000000100000000)
  region size 1024K, 1 young (1024K), 1 survivors (1024K)
 Metaspace       used 77513K, committed 78080K, reserved 1179648K
  class space    used 10640K, committed 10880K, reserved 1048576K
}
Event: 135.290 GC heap before
{Heap before GC invocations=55 (full 0):
 garbage-first heap   total 76800K, used 65895K [0x0000000081200000, 0x0000000100000000)
  region size 1024K, 32 young (32768K), 1 survivors (1024K)
 Metaspace       used 77540K, committed 78144K, reserved 1179648K
  class space    used 10641K, committed 10880K, reserved 1048576K
}
Event: 135.291 GC heap after
{Heap after GC invocations=56 (full 0):
 garbage-first heap   total 76800K, used 34147K [0x0000000081200000, 0x0000000100000000)
  region size 1024K, 1 young (1024K), 1 survivors (1024K)
 Metaspace       used 77540K, committed 78144K, reserved 1179648K
  class space    used 10641K, committed 10880K, reserved 1048576K
}
Event: 136.098 GC heap before
{Heap before GC invocations=57 (full 0):
 garbage-first heap   total 76800K, used 65891K [0x0000000081200000, 0x0000000100000000)
  region size 1024K, 32 young (32768K), 1 survivors (1024K)
 Metaspace       used 77547K, committed 78144K, reserved 1179648K
  class space    used 10641K, committed 10880K, reserved 1048576K
}
Event: 136.099 GC heap after
{Heap after GC invocations=58 (full 0):
 garbage-first heap   total 76800K, used 34150K [0x0000000081200000, 0x0000000100000000)
  region size 1024K, 1 young (1024K), 1 survivors (1024K)
 Metaspace       used 77547K, committed 78144K, reserved 1179648K
  class space    used 10641K, committed 10880K, reserved 1048576K
}
Event: 136.988 GC heap before
{Heap before GC invocations=58 (full 0):
 garbage-first heap   total 76800K, used 65894K [0x0000000081200000, 0x0000000100000000)
  region size 1024K, 32 young (32768K), 1 survivors (1024K)
 Metaspace       used 77550K, committed 78144K, reserved 1179648K
  class space    used 10641K, committed 10880K, reserved 1048576K
}
Event: 136.989 GC heap after
{Heap after GC invocations=59 (full 0):
 garbage-first heap   total 76800K, used 34145K [0x0000000081200000, 0x0000000100000000)
  region size 1024K, 1 young (1024K), 1 survivors (1024K)
 Metaspace       used 77550K, committed 78144K, reserved 1179648K
  class space    used 10641K, committed 10880K, reserved 1048576K
}
Event: 139.685 GC heap before
{Heap before GC invocations=60 (full 0):
 garbage-first heap   total 76800K, used 65889K [0x0000000081200000, 0x0000000100000000)
  region size 1024K, 32 young (32768K), 1 survivors (1024K)
 Metaspace       used 77552K, committed 78144K, reserved 1179648K
  class space    used 10641K, committed 10880K, reserved 1048576K
}
Event: 139.686 GC heap after
{Heap after GC invocations=61 (full 0):
 garbage-first heap   total 76800K, used 34139K [0x0000000081200000, 0x0000000100000000)
  region size 1024K, 1 young (1024K), 1 survivors (1024K)
 Metaspace       used 77552K, committed 78144K, reserved 1179648K
  class space    used 10641K, committed 10880K, reserved 1048576K
}
Event: 141.986 GC heap before
{Heap before GC invocations=61 (full 0):
 garbage-first heap   total 76800K, used 65883K [0x0000000081200000, 0x0000000100000000)
  region size 1024K, 32 young (32768K), 1 survivors (1024K)
 Metaspace       used 77555K, committed 78144K, reserved 1179648K
  class space    used 10641K, committed 10880K, reserved 1048576K
}
Event: 141.987 GC heap after
{Heap after GC invocations=62 (full 0):
 garbage-first heap   total 76800K, used 34197K [0x0000000081200000, 0x0000000100000000)
  region size 1024K, 1 young (1024K), 1 survivors (1024K)
 Metaspace       used 77555K, committed 78144K, reserved 1179648K
  class space    used 10641K, committed 10880K, reserved 1048576K
}
Event: 150.890 GC heap before
{Heap before GC invocations=63 (full 0):
 garbage-first heap   total 76800K, used 65941K [0x0000000081200000, 0x0000000100000000)
  region size 1024K, 32 young (32768K), 1 survivors (1024K)
 Metaspace       used 77555K, committed 78144K, reserved 1179648K
  class space    used 10641K, committed 10880K, reserved 1048576K
}
Event: 150.891 GC heap after
{Heap after GC invocations=64 (full 0):
 garbage-first heap   total 76800K, used 34185K [0x0000000081200000, 0x0000000100000000)
  region size 1024K, 1 young (1024K), 1 survivors (1024K)
 Metaspace       used 77555K, committed 78144K, reserved 1179648K
  class space    used 10641K, committed 10880K, reserved 1048576K
}
Event: 162.650 GC heap before
{Heap before GC invocations=64 (full 0):
 garbage-first heap   total 76800K, used 65929K [0x0000000081200000, 0x0000000100000000)
  region size 1024K, 32 young (32768K), 1 survivors (1024K)
 Metaspace       used 77565K, committed 78144K, reserved 1179648K
  class space    used 10642K, committed 10880K, reserved 1048576K
}
Event: 162.653 GC heap after
{Heap after GC invocations=65 (full 0):
 garbage-first heap   total 76800K, used 34194K [0x0000000081200000, 0x0000000100000000)
  region size 1024K, 1 young (1024K), 1 survivors (1024K)
 Metaspace       used 77565K, committed 78144K, reserved 1179648K
  class space    used 10642K, committed 10880K, reserved 1048576K
}
Event: 165.527 GC heap before
{Heap before GC invocations=66 (full 0):
 garbage-first heap   total 76800K, used 65938K [0x0000000081200000, 0x0000000100000000)
  region size 1024K, 32 young (32768K), 1 survivors (1024K)
 Metaspace       used 77565K, committed 78144K, reserved 1179648K
  class space    used 10642K, committed 10880K, reserved 1048576K
}
Event: 165.528 GC heap after
{Heap after GC invocations=67 (full 0):
 garbage-first heap   total 76800K, used 34180K [0x0000000081200000, 0x0000000100000000)
  region size 1024K, 1 young (1024K), 1 survivors (1024K)
 Metaspace       used 77565K, committed 78144K, reserved 1179648K
  class space    used 10642K, committed 10880K, reserved 1048576K
}
Event: 166.311 GC heap before
{Heap before GC invocations=67 (full 0):
 garbage-first heap   total 76800K, used 65924K [0x0000000081200000, 0x0000000100000000)
  region size 1024K, 32 young (32768K), 1 survivors (1024K)
 Metaspace       used 77566K, committed 78144K, reserved 1179648K
  class space    used 10642K, committed 10880K, reserved 1048576K
}
Event: 166.312 GC heap after
{Heap after GC invocations=68 (full 0):
 garbage-first heap   total 76800K, used 34179K [0x0000000081200000, 0x0000000100000000)
  region size 1024K, 1 young (1024K), 1 survivors (1024K)
 Metaspace       used 77566K, committed 78144K, reserved 1179648K
  class space    used 10642K, committed 10880K, reserved 1048576K
}

