# JRE version: OpenJDK Runtime Environment Temurin-17.0.13+11 (17.0.13+11) (build 17.0.13+11)
# Java VM: OpenJDK 64-Bit Server VM Temurin-17.0.13+11 (17.0.13+11, mixed mode, sharing, tiered, compressed oops, compressed class ptrs, g1 gc, windows-amd64)
GC Precious Log:
 CPUs: 8 total, 8 available
 Memory: 8112M
 Large Page Support: Disabled
 NUMA Support: Disabled
 Compressed Oops: Enabled (32-bit)
 Heap Region Size: 1M
 Heap Min Capacity: 8M
 Heap Initial Capacity: 128M
 Heap Max Capacity: 2030M
 Pre-touch: Disabled
 Parallel Workers: 8
 Concurrent Workers: 2
 Concurrent Refinement Workers: 8
 Periodic GC: Disabled
Heap:
 garbage-first heap   total 63488K, used 51163K [0x0000000081200000, 0x0000000100000000)
  region size 1024K, 18 young (18432K), 1 survivors (1024K)
 Metaspace       used 76957K, committed 77568K, reserved 1179648K
  class space    used 10539K, committed 10816K, reserved 1048576K
GC Heap History (20 events):
Event: 677.880 GC heap before
{Heap before GC invocations=60 (full 0):
 garbage-first heap   total 63488K, used 54130K [0x0000000081200000, 0x0000000100000000)
  region size 1024K, 20 young (20480K), 1 survivors (1024K)
 Metaspace       used 76914K, committed 77504K, reserved 1179648K
  class space    used 10538K, committed 10816K, reserved 1048576K
}
Event: 677.881 GC heap after
{Heap after GC invocations=61 (full 0):
 garbage-first heap   total 63488K, used 34652K [0x0000000081200000, 0x0000000100000000)
  region size 1024K, 1 young (1024K), 1 survivors (1024K)
 Metaspace       used 76914K, committed 77504K, reserved 1179648K
  class space    used 10538K, committed 10816K, reserved 1048576K
}
Event: 678.590 GC heap before
{Heap before GC invocations=61 (full 0):
 garbage-first heap   total 63488K, used 54108K [0x0000000081200000, 0x0000000100000000)
  region size 1024K, 20 young (20480K), 1 survivors (1024K)
 Metaspace       used 76916K, committed 77504K, reserved 1179648K
  class space    used 10538K, committed 10816K, reserved 1048576K
}
Event: 678.591 GC heap after
{Heap after GC invocations=62 (full 0):
 garbage-first heap   total 63488K, used 34671K [0x0000000081200000, 0x0000000100000000)
  region size 1024K, 1 young (1024K), 1 survivors (1024K)
 Metaspace       used 76916K, committed 77504K, reserved 1179648K
  class space    used 10538K, committed 10816K, reserved 1048576K
}
Event: 680.521 GC heap before
{Heap before GC invocations=63 (full 0):
 garbage-first heap   total 63488K, used 54127K [0x0000000081200000, 0x0000000100000000)
  region size 1024K, 20 young (20480K), 1 survivors (1024K)
 Metaspace       used 76916K, committed 77504K, reserved 1179648K
  class space    used 10538K, committed 10816K, reserved 1048576K
}
Event: 680.522 GC heap after
{Heap after GC invocations=64 (full 0):
 garbage-first heap   total 63488K, used 34682K [0x0000000081200000, 0x0000000100000000)
  region size 1024K, 1 young (1024K), 1 survivors (1024K)
 Metaspace       used 76916K, committed 77504K, reserved 1179648K
  class space    used 10538K, committed 10816K, reserved 1048576K
}
Event: 681.479 GC heap before
{Heap before GC invocations=64 (full 0):
 garbage-first heap   total 63488K, used 54138K [0x0000000081200000, 0x0000000100000000)
  region size 1024K, 20 young (20480K), 1 survivors (1024K)
 Metaspace       used 76931K, committed 77568K, reserved 1179648K
  class space    used 10539K, committed 10816K, reserved 1048576K
}
Event: 681.481 GC heap after
{Heap after GC invocations=65 (full 0):
 garbage-first heap   total 63488K, used 34687K [0x0000000081200000, 0x0000000100000000)
  region size 1024K, 1 young (1024K), 1 survivors (1024K)
 Metaspace       used 76931K, committed 77568K, reserved 1179648K
  class space    used 10539K, committed 10816K, reserved 1048576K
}
Event: 684.027 GC heap before
{Heap before GC invocations=66 (full 0):
 garbage-first heap   total 63488K, used 54143K [0x0000000081200000, 0x0000000100000000)
  region size 1024K, 20 young (20480K), 1 survivors (1024K)
 Metaspace       used 76933K, committed 77568K, reserved 1179648K
  class space    used 10539K, committed 10816K, reserved 1048576K
}
Event: 684.028 GC heap after
{Heap after GC invocations=67 (full 0):
 garbage-first heap   total 63488K, used 34690K [0x0000000081200000, 0x0000000100000000)
  region size 1024K, 1 young (1024K), 1 survivors (1024K)
 Metaspace       used 76933K, committed 77568K, reserved 1179648K
  class space    used 10539K, committed 10816K, reserved 1048576K
}
Event: 689.989 GC heap before
{Heap before GC invocations=67 (full 0):
 garbage-first heap   total 63488K, used 54146K [0x0000000081200000, 0x0000000100000000)
  region size 1024K, 20 young (20480K), 1 survivors (1024K)
 Metaspace       used 76941K, committed 77568K, reserved 1179648K
  class space    used 10539K, committed 10816K, reserved 1048576K
}
Event: 689.990 GC heap after
{Heap after GC invocations=68 (full 0):
 garbage-first heap   total 63488K, used 34705K [0x0000000081200000, 0x0000000100000000)
  region size 1024K, 1 young (1024K), 1 survivors (1024K)
 Metaspace       used 76941K, committed 77568K, reserved 1179648K
  class space    used 10539K, committed 10816K, reserved 1048576K
}
Event: 696.315 GC heap before
{Heap before GC invocations=69 (full 0):
 garbage-first heap   total 63488K, used 54161K [0x0000000081200000, 0x0000000100000000)
  region size 1024K, 20 young (20480K), 1 survivors (1024K)
 Metaspace       used 76949K, committed 77568K, reserved 1179648K
  class space    used 10539K, committed 10816K, reserved 1048576K
}
Event: 696.316 GC heap after
{Heap after GC invocations=70 (full 0):
 garbage-first heap   total 63488K, used 34713K [0x0000000081200000, 0x0000000100000000)
  region size 1024K, 1 young (1024K), 1 survivors (1024K)
 Metaspace       used 76949K, committed 77568K, reserved 1179648K
  class space    used 10539K, committed 10816K, reserved 1048576K
}
Event: 697.268 GC heap before
{Heap before GC invocations=70 (full 0):
 garbage-first heap   total 63488K, used 54169K [0x0000000081200000, 0x0000000100000000)
  region size 1024K, 20 young (20480K), 1 survivors (1024K)
 Metaspace       used 76950K, committed 77568K, reserved 1179648K
  class space    used 10539K, committed 10816K, reserved 1048576K
}
Event: 697.269 GC heap after
{Heap after GC invocations=71 (full 0):
 garbage-first heap   total 63488K, used 34723K [0x0000000081200000, 0x0000000100000000)
  region size 1024K, 1 young (1024K), 1 survivors (1024K)
 Metaspace       used 76950K, committed 77568K, reserved 1179648K
  class space    used 10539K, committed 10816K, reserved 1048576K
}
Event: 698.673 GC heap before
{Heap before GC invocations=72 (full 0):
 garbage-first heap   total 63488K, used 53155K [0x0000000081200000, 0x0000000100000000)
  region size 1024K, 20 young (20480K), 1 survivors (1024K)
 Metaspace       used 76951K, committed 77568K, reserved 1179648K
  class space    used 10539K, committed 10816K, reserved 1048576K
}
Event: 698.674 GC heap after
{Heap after GC invocations=73 (full 0):
 garbage-first heap   total 63488K, used 34740K [0x0000000081200000, 0x0000000100000000)
  region size 1024K, 1 young (1024K), 1 survivors (1024K)
 Metaspace       used 76951K, committed 77568K, reserved 1179648K
  class space    used 10539K, committed 10816K, reserved 1048576K
}
Event: 700.087 GC heap before
{Heap before GC invocations=73 (full 0):
 garbage-first heap   total 63488K, used 54196K [0x0000000081200000, 0x0000000100000000)
  region size 1024K, 20 young (20480K), 1 survivors (1024K)
 Metaspace       used 76952K, committed 77568K, reserved 1179648K
  class space    used 10539K, committed 10816K, reserved 1048576K
}
Event: 700.088 GC heap after
{Heap after GC invocations=74 (full 0):
 garbage-first heap   total 63488K, used 34779K [0x0000000081200000, 0x0000000100000000)
  region size 1024K, 1 young (1024K), 1 survivors (1024K)
 Metaspace       used 76952K, committed 77568K, reserved 1179648K
  class space    used 10539K, committed 10816K, reserved 1048576K
}

